[2026-03-07 18:12:44] ::1 GET /websip/register
[2026-03-07 18:12:57] ::1 GET /websip/
[2026-03-07 18:12:59] ::1 GET /websip/join/sample
[2026-03-07 18:17:35] ::1 GET /websip/join/sample
[2026-03-07 18:17:39] ::1 GET /websip/
[2026-03-07 18:17:41] ::1 GET /websip/register
[2026-03-07 18:17:47] ::1 GET /websip/admin/
[2026-03-07 18:17:49] ::1 GET /websip/register
[2026-03-07 18:17:51] ::1 GET /websip/login
[2026-03-07 18:18:01] ::1 POST /websip/login
[2026-03-07 18:20:14] ::1 POST /websip/login
[2026-03-07 18:20:14] ::1 GET /websip/admin/dashboard
[2026-03-07 18:20:16] ::1 GET /websip/admin/users
[2026-03-07 18:20:18] ::1 GET /websip/admin/forms
[2026-03-07 18:20:19] ::1 GET /websip/admin/products
[2026-03-07 18:20:22] ::1 GET /websip/admin/products/create
[2026-03-07 18:20:35] ::1 GET /websip/admin/users
[2026-03-07 18:20:39] ::1 GET /websip/admin/forms
[2026-03-07 18:20:41] ::1 GET /websip/admin/products
[2026-03-07 18:20:46] ::1 GET /websip/admin/dashboard
[2026-03-07 18:20:50] ::1 GET /websip/admin/forms/create
[2026-03-07 18:21:10] ::1 GET /websip/admin/forms
[2026-03-07 18:21:13] ::1 GET /websip/admin/dashboard
[2026-03-07 18:21:26] ::1 GET /websip/logout
[2026-03-07 18:21:26] ::1 GET /websip/login
[2026-03-07 18:21:55] ::1 POST /websip/login
[2026-03-07 18:21:55] ::1 GET /websip/admin/dashboard
[2026-03-07 18:21:59] ::1 GET /websip/admin/users
[2026-03-07 18:22:00] ::1 GET /websip/admin/forms
[2026-03-07 18:22:01] ::1 GET /websip/admin/products
[2026-03-07 18:23:27] ::1 GET /websip/logout
[2026-03-07 18:23:27] ::1 GET /websip/login
[2026-03-07 18:23:29] ::1 GET /websip/
[2026-03-07 18:23:35] ::1 GET /websip/login
