[2026-03-07 18:12:59] Error (2): include(C:\xampp\htdocs\websip\app\views\errors/../../layouts/guest.php): Failed to open stream: No such file or directory in C:\xampp\htdocs\websip\app\views\errors\404.php:22
[2026-03-07 18:12:59] Error (2): include(): Failed opening 'C:\xampp\htdocs\websip\app\views\errors/../../layouts/guest.php' for inclusion (include_path='C:\xampp\php\PEAR') in C:\xampp\htdocs\websip\app\views\errors\404.php:22
[2026-03-07 18:20:16] Error (8192): htmlspecialchars(): Passing null to parameter #1 ($string) of type string is deprecated in C:\xampp\htdocs\websip\app\views\admin\users\index.php:91
[2026-03-07 18:20:16] Error (8192): htmlspecialchars(): Passing null to parameter #1 ($string) of type string is deprecated in C:\xampp\htdocs\websip\app\views\admin\users\index.php:91
[2026-03-07 18:20:16] Error (8192): htmlspecialchars(): Passing null to parameter #1 ($string) of type string is deprecated in C:\xampp\htdocs\websip\app\views\admin\users\index.php:91
[2026-03-07 18:20:16] Error (8192): htmlspecialchars(): Passing null to parameter #1 ($string) of type string is deprecated in C:\xampp\htdocs\websip\app\views\admin\users\index.php:149
[2026-03-07 18:20:16] Error (8192): htmlspecialchars(): Passing null to parameter #1 ($string) of type string is deprecated in C:\xampp\htdocs\websip\app\views\admin\users\index.php:149
[2026-03-07 18:20:16] Error (8192): htmlspecialchars(): Passing null to parameter #1 ($string) of type string is deprecated in C:\xampp\htdocs\websip\app\views\admin\users\index.php:149
[2026-03-07 18:20:35] Error (8192): htmlspecialchars(): Passing null to parameter #1 ($string) of type string is deprecated in C:\xampp\htdocs\websip\app\views\admin\users\index.php:91
[2026-03-07 18:20:35] Error (8192): htmlspecialchars(): Passing null to parameter #1 ($string) of type string is deprecated in C:\xampp\htdocs\websip\app\views\admin\users\index.php:91
[2026-03-07 18:20:35] Error (8192): htmlspecialchars(): Passing null to parameter #1 ($string) of type string is deprecated in C:\xampp\htdocs\websip\app\views\admin\users\index.php:91
[2026-03-07 18:20:35] Error (8192): htmlspecialchars(): Passing null to parameter #1 ($string) of type string is deprecated in C:\xampp\htdocs\websip\app\views\admin\users\index.php:149
[2026-03-07 18:20:35] Error (8192): htmlspecialchars(): Passing null to parameter #1 ($string) of type string is deprecated in C:\xampp\htdocs\websip\app\views\admin\users\index.php:149
[2026-03-07 18:20:35] Error (8192): htmlspecialchars(): Passing null to parameter #1 ($string) of type string is deprecated in C:\xampp\htdocs\websip\app\views\admin\users\index.php:149
[2026-03-07 18:21:59] Error (8192): htmlspecialchars(): Passing null to parameter #1 ($string) of type string is deprecated in C:\xampp\htdocs\websip\app\views\admin\users\index.php:91
[2026-03-07 18:21:59] Error (8192): htmlspecialchars(): Passing null to parameter #1 ($string) of type string is deprecated in C:\xampp\htdocs\websip\app\views\admin\users\index.php:91
[2026-03-07 18:21:59] Error (8192): htmlspecialchars(): Passing null to parameter #1 ($string) of type string is deprecated in C:\xampp\htdocs\websip\app\views\admin\users\index.php:91
[2026-03-07 18:21:59] Error (8192): htmlspecialchars(): Passing null to parameter #1 ($string) of type string is deprecated in C:\xampp\htdocs\websip\app\views\admin\users\index.php:149
[2026-03-07 18:21:59] Error (8192): htmlspecialchars(): Passing null to parameter #1 ($string) of type string is deprecated in C:\xampp\htdocs\websip\app\views\admin\users\index.php:149
[2026-03-07 18:21:59] Error (8192): htmlspecialchars(): Passing null to parameter #1 ($string) of type string is deprecated in C:\xampp\htdocs\websip\app\views\admin\users\index.php:149
[2026-03-09 15:34:53] Exception: Call to undefined method App\Controllers\AdminNotificationTemplateController::view() in C:\xampp\htdocs\websip\app\controllers\AdminNotificationTemplateController.php:20
#0 [internal function]: App\Controllers\AdminNotificationTemplateController->index()
#1 C:\xampp\htdocs\websip\app\core\Router.php(80): call_user_func_array(Array, Array)
#2 C:\xampp\htdocs\websip\public\index.php(173): App\Core\Router->dispatch('GET', '/admin/notifica...')
#3 {main}
[2026-03-09 15:34:57] Exception: Class "Auth" not found in C:\xampp\htdocs\websip\app\views\admin\settings\index.php:59
#0 C:\xampp\htdocs\websip\app\core\functions.php(23): require()
#1 C:\xampp\htdocs\websip\app\controllers\AdminSettingsController.php(31): view('admin/settings/...', Array)
#2 [internal function]: App\Controllers\AdminSettingsController->index()
#3 C:\xampp\htdocs\websip\app\core\Router.php(80): call_user_func_array(Array, Array)
#4 C:\xampp\htdocs\websip\public\index.php(173): App\Core\Router->dispatch('GET', '/admin/settings')
#5 {main}
[2026-03-09 16:05:28] Exception: SQLSTATE[42S22]: Column not found: 1054 Unknown column 'deleted_at' in 'where clause' in C:\xampp\htdocs\websip\app\controllers\AdminUserController.php:47
#0 C:\xampp\htdocs\websip\app\controllers\AdminUserController.php(47): PDO->prepare('SELECT COUNT(*)...')
#1 [internal function]: App\Controllers\AdminUserController->index()
#2 C:\xampp\htdocs\websip\app\core\Router.php(80): call_user_func_array(Array, Array)
#3 C:\xampp\htdocs\websip\public\index.php(183): App\Core\Router->dispatch('GET', '/admin/users')
#4 {main}
[2026-03-09 16:05:37] Exception: Class "Auth" not found in C:\xampp\htdocs\websip\app\views\admin\forms\index.php:58
#0 C:\xampp\htdocs\websip\app\core\functions.php(23): require()
#1 C:\xampp\htdocs\websip\app\controllers\AdminController.php(111): view('admin/forms/ind...', Array)
#2 [internal function]: App\Controllers\AdminController->forms()
#3 C:\xampp\htdocs\websip\app\core\Router.php(80): call_user_func_array(Array, Array)
#4 C:\xampp\htdocs\websip\public\index.php(183): App\Core\Router->dispatch('GET', '/admin/forms')
#5 {main}
[2026-03-09 16:12:14] Exception: SQLSTATE[42S22]: Column not found: 1054 Unknown column 'deleted_at' in 'where clause' in C:\xampp\htdocs\websip\app\controllers\AdminUserController.php:47
#0 C:\xampp\htdocs\websip\app\controllers\AdminUserController.php(47): PDO->prepare('SELECT COUNT(*)...')
#1 [internal function]: App\Controllers\AdminUserController->index()
#2 C:\xampp\htdocs\websip\app\core\Router.php(80): call_user_func_array(Array, Array)
#3 C:\xampp\htdocs\websip\public\index.php(186): App\Core\Router->dispatch('GET', '/admin/users')
#4 {main}
[2026-03-09 16:13:20] Exception: Class "Auth" not found in C:\xampp\htdocs\websip\app\views\admin\forms\index.php:58
#0 C:\xampp\htdocs\websip\app\core\functions.php(23): require()
#1 C:\xampp\htdocs\websip\app\controllers\AdminController.php(111): view('admin/forms/ind...', Array)
#2 [internal function]: App\Controllers\AdminController->forms()
#3 C:\xampp\htdocs\websip\app\core\Router.php(80): call_user_func_array(Array, Array)
#4 C:\xampp\htdocs\websip\public\index.php(186): App\Core\Router->dispatch('GET', '/admin/forms')
#5 {main}
[2026-03-09 16:13:26] Exception: Class "Auth" not found in C:\xampp\htdocs\websip\app\views\admin\forms\index.php:58
#0 C:\xampp\htdocs\websip\app\core\functions.php(23): require()
#1 C:\xampp\htdocs\websip\app\controllers\AdminController.php(111): view('admin/forms/ind...', Array)
#2 [internal function]: App\Controllers\AdminController->forms()
#3 C:\xampp\htdocs\websip\app\core\Router.php(80): call_user_func_array(Array, Array)
#4 C:\xampp\htdocs\websip\public\index.php(186): App\Core\Router->dispatch('GET', '/admin/forms')
#5 {main}
[2026-03-09 16:13:27] Exception: Class "Auth" not found in C:\xampp\htdocs\websip\app\views\admin\forms\index.php:58
#0 C:\xampp\htdocs\websip\app\core\functions.php(23): require()
#1 C:\xampp\htdocs\websip\app\controllers\AdminController.php(111): view('admin/forms/ind...', Array)
#2 [internal function]: App\Controllers\AdminController->forms()
#3 C:\xampp\htdocs\websip\app\core\Router.php(80): call_user_func_array(Array, Array)
#4 C:\xampp\htdocs\websip\public\index.php(186): App\Core\Router->dispatch('GET', '/admin/forms')
#5 {main}
[2026-03-09 16:13:28] Exception: Class "Auth" not found in C:\xampp\htdocs\websip\app\views\admin\forms\index.php:58
#0 C:\xampp\htdocs\websip\app\core\functions.php(23): require()
#1 C:\xampp\htdocs\websip\app\controllers\AdminController.php(111): view('admin/forms/ind...', Array)
#2 [internal function]: App\Controllers\AdminController->forms()
#3 C:\xampp\htdocs\websip\app\core\Router.php(80): call_user_func_array(Array, Array)
#4 C:\xampp\htdocs\websip\public\index.php(186): App\Core\Router->dispatch('GET', '/admin/forms')
#5 {main}
[2026-03-09 16:13:32] Exception: Class "App\Controllers\PDO" not found in C:\xampp\htdocs\websip\app\controllers\AdminController.php:196
#0 [internal function]: App\Controllers\AdminController->editForm('1')
#1 C:\xampp\htdocs\websip\app\core\Router.php(80): call_user_func_array(Array, Array)
#2 C:\xampp\htdocs\websip\public\index.php(186): App\Core\Router->dispatch('GET', '/admin/forms/1/...')
#3 {main}
[2026-03-09 16:13:34] Exception: Class "Auth" not found in C:\xampp\htdocs\websip\app\views\admin\forms\index.php:58
#0 C:\xampp\htdocs\websip\app\core\functions.php(23): require()
#1 C:\xampp\htdocs\websip\app\controllers\AdminController.php(111): view('admin/forms/ind...', Array)
#2 [internal function]: App\Controllers\AdminController->forms()
#3 C:\xampp\htdocs\websip\app\core\Router.php(80): call_user_func_array(Array, Array)
#4 C:\xampp\htdocs\websip\public\index.php(186): App\Core\Router->dispatch('GET', '/admin/forms')
#5 {main}
